<?xml version="1.0" encoding="UTF-8"?>
<testng-results ignored="0" total="1" passed="1" failed="0" skipped="0">
  <reporter-output>
  </reporter-output>
  <suite started-at="2024-02-12T11:46:58 IST" name="Suite" finished-at="2024-02-12T11:47:20 IST" duration-ms="22070">
    <groups>
      <group name="regression">
        <method signature="ethics.ValidateEthicsPage()[pri:2, instance:TestCases.ethics@77fbd92c]" name="ValidateEthicsPage" class="TestCases.ethics"/>
      </group> <!-- regression -->
      <group name="master">
        <method signature="ethics.ValidateEthicsPage()[pri:2, instance:TestCases.ethics@77fbd92c]" name="ValidateEthicsPage" class="TestCases.ethics"/>
      </group> <!-- master -->
    </groups>
    <test started-at="2024-02-12T11:46:58 IST" name="Test" finished-at="2024-02-12T11:47:20 IST" duration-ms="22070">
      <class name="TestCases.ethics">
        <test-method is-config="true" signature="setup(java.lang.String,java.lang.String)[pri:0, instance:TestCases.ethics@77fbd92c]" started-at="2024-02-12T11:46:58 IST" name="setup" finished-at="2024-02-12T11:47:11 IST" duration-ms="12779" status="PASS">
          <params>
            <param index="0">
              <value>
                <![CDATA[windows]]>
              </value>
            </param>
            <param index="1">
              <value>
                <![CDATA[chrome]]>
              </value>
            </param>
          </params>
          <reporter-output>
          </reporter-output>
        </test-method> <!-- setup -->
        <test-method signature="ValidateEthicsPage()[pri:2, instance:TestCases.ethics@77fbd92c]" started-at="2024-02-12T11:47:11 IST" name="ValidateEthicsPage" finished-at="2024-02-12T11:47:19 IST" duration-ms="7905" status="PASS">
          <reporter-output>
          </reporter-output>
        </test-method> <!-- ValidateEthicsPage -->
        <test-method is-config="true" signature="tearDown()[pri:0, instance:TestCases.ethics@77fbd92c]" started-at="2024-02-12T11:47:19 IST" name="tearDown" finished-at="2024-02-12T11:47:20 IST" duration-ms="1118" status="PASS">
          <reporter-output>
          </reporter-output>
        </test-method> <!-- tearDown -->
      </class> <!-- TestCases.ethics -->
    </test> <!-- Test -->
  </suite> <!-- Suite -->
</testng-results>
